#
# There is insufficient memory for the Java Runtime Environment to continue.
# Native memory allocation (malloc) failed to allocate 32744 bytes for ChunkPool::allocate
# Possible reasons:
#   The system is out of physical RAM or swap space
#   In 32 bit mode, the process size limit was hit
# Possible solutions:
#   Reduce memory load on the system
#   Increase physical memory or swap space
#   Check if swap backing store is full
#   Use 64 bit Java on a 64 bit OS
#   Decrease Java heap size (-Xmx/-Xms)
#   Decrease number of Java threads
#   Decrease Java thread stack sizes (-Xss)
#   Set larger code cache with -XX:ReservedCodeCacheSize=
# This output file may be truncated or incomplete.
#
#  Out of Memory Error (allocation.cpp:273), pid=3468, tid=3356
#
# JRE version: Java(TM) SE Runtime Environment (8.0_60-b27) (build 1.8.0_60-b27)
# Java VM: Java HotSpot(TM) 64-Bit Server VM (25.60-b23 mixed mode windows-amd64 compressed oops)
# Failed to write core dump. Minidumps are not enabled by default on client versions of Windows
#

---------------  T H R E A D  ---------------

Current thread (0x000000001534f000):  JavaThread "C2 CompilerThread1" daemon [_thread_in_native, id=3356, stack(0x0000000016aa0000,0x0000000016ba0000)]

Stack: [0x0000000016aa0000,0x0000000016ba0000]
[error occurred during error reporting (printing stack bounds), id 0xc0000005]

Native frames: (J=compiled Java code, j=interpreted, Vv=VM code, C=native code)


Current CompileTask:
C2:   1348  749   !   4       com.android.dx.rop.code.RegisterSpec::intern (70 bytes)


---------------  P R O C E S S  ---------------

Java Threads: ( => current thread )
  0x0000000016e27800 JavaThread "pool-1-thread-4" [_thread_blocked, id=3444, stack(0x00000000176a0000,0x00000000177a0000)]
  0x0000000016e27000 JavaThread "pool-1-thread-3" [_thread_in_Java, id=6404, stack(0x00000000175a0000,0x00000000176a0000)]
  0x0000000016e21000 JavaThread "pool-1-thread-2" [_thread_in_Java, id=212, stack(0x00000000174a0000,0x00000000175a0000)]
  0x0000000016e20800 JavaThread "pool-2-thread-1" [_thread_blocked, id=3608, stack(0x00000000173a0000,0x00000000174a0000)]
  0x0000000016e1a000 JavaThread "pool-1-thread-1" [_thread_blocked, id=1888, stack(0x00000000172a0000,0x00000000173a0000)]
  0x0000000016bb4800 JavaThread "Service Thread" daemon [_thread_blocked, id=1976, stack(0x00000000170a0000,0x00000000171a0000)]
  0x0000000016bb0800 JavaThread "C1 CompilerThread2" daemon [_thread_in_native, id=320, stack(0x0000000016fa0000,0x00000000170a0000)]
=>0x000000001534f000 JavaThread "C2 CompilerThread1" daemon [_thread_in_native, id=3356, stack(0x0000000016aa0000,0x0000000016ba0000)]
  0x000000001534b800 JavaThread "C2 CompilerThread0" daemon [_thread_in_native, id=6476, stack(0x00000000169a0000,0x0000000016aa0000)]
  0x000000001534a000 JavaThread "Attach Listener" daemon [_thread_blocked, id=5912, stack(0x00000000168a0000,0x00000000169a0000)]
  0x0000000015349000 JavaThread "Signal Dispatcher" daemon [_thread_blocked, id=5448, stack(0x00000000167a0000,0x00000000168a0000)]
  0x0000000002c76000 JavaThread "Finalizer" daemon [_thread_blocked, id=2892, stack(0x00000000165a0000,0x00000000166a0000)]
  0x0000000002c6d000 JavaThread "Reference Handler" daemon [_thread_blocked, id=4752, stack(0x00000000164a0000,0x00000000165a0000)]
  0x000000000122d800 JavaThread "main" [_thread_in_Java, id=7048, stack(0x0000000002990000,0x0000000002a90000)]

Other Threads:
  0x0000000015317800 VMThread [stack: 0x00000000163a0000,0x00000000164a0000] [id=3756]
  0x0000000016bd2000 WatcherThread [stack: 0x00000000171a0000,0x00000000172a0000] [id=6348]

VM state:not at safepoint (normal execution)

VM Mutex/Monitor currently owned by a thread: None

Heap:
 PSYoungGen      total 38400K, used 22257K [0x00000000eab00000, 0x00000000ed580000, 0x0000000100000000)
  eden space 33280K, 66% used [0x00000000eab00000,0x00000000ec0bc700,0x00000000ecb80000)
  from space 5120K, 0% used [0x00000000ed080000,0x00000000ed080000,0x00000000ed580000)
  to   space 5120K, 0% used [0x00000000ecb80000,0x00000000ecb80000,0x00000000ed080000)
 ParOldGen       total 87552K, used 0K [0x00000000c0000000, 0x00000000c5580000, 0x00000000eab00000)
  object space 87552K, 0% used [0x00000000c0000000,0x00000000c0000000,0x00000000c5580000)
 Metaspace       used 5690K, capacity 6640K, committed 6784K, reserved 1056768K
  class space    used 594K, capacity 616K, committed 640K, reserved 1048576K

Card table byte_map: [0x0000000012040000,0x0000000012250000] byte_map_base: 0x0000000011a40000

Marking Bits: (ParMarkBitMap*) 0x000000006ab5a5b0
 Begin Bits: [0x00000000127b0000, 0x00000000137b0000)
 End Bits:   [0x00000000137b0000, 0x00000000147b0000)

Polling page: 0x00000000011c0000

CodeCache: size=245760Kb used=2968Kb max_used=2968Kb free=242791Kb
 bounds [0x0000000002c80000, 0x0000000002f70000, 0x0000000011c80000]
 total_blobs=990 nmethods=721 adapters=182
 compilation: enabled

Compilation events (10 events):
Event: 1.329 Thread 0x000000001534b800 nmethod 735 0x0000000002f26610 code [0x0000000002f26740, 0x0000000002f267b8]
Event: 1.329 Thread 0x000000001534f000 nmethod 736 0x0000000002f32310 code [0x0000000002f32440, 0x0000000002f324b8]
Event: 1.331 Thread 0x000000001534b800  739       4       java.util.Arrays::copyOf (46 bytes)
Event: 1.333 Thread 0x000000001534f000  741       4       com.android.dx.rop.code.RegisterSpec::equals (51 bytes)
Event: 1.333 Thread 0x000000001534b800 nmethod 739 0x0000000002f49890 code [0x0000000002f499e0, 0x0000000002f49b78]
Event: 1.334 Thread 0x000000001534b800  743       4       com.android.dx.ssa.SsaMethod::getDefinitionForRegister (61 bytes)
Event: 1.337 Thread 0x000000001534f000 nmethod 741 0x0000000002f406d0 code [0x0000000002f40840, 0x0000000002f40db8]
Event: 1.337 Thread 0x000000001534b800 nmethod 743 0x0000000002f34f90 code [0x0000000002f35100, 0x0000000002f35348]
Event: 1.338 Thread 0x000000001534f000  749   !   4       com.android.dx.rop.code.RegisterSpec::intern (70 bytes)
Event: 1.347 Thread 0x000000001534b800  750       4       java.util.BitSet::nextSetBit (102 bytes)

GC Heap History (0 events):
No events

Deoptimization events (7 events):
Event: 0.820 Thread 0x000000000122d800 Uncommon trap: reason=unstable_if action=reinterpret pc=0x0000000002dd1994 method=java.lang.String.compareTo(Ljava/lang/String;)I @ 38
Event: 1.321 Thread 0x0000000016e27000 Uncommon trap: reason=unstable_if action=reinterpret pc=0x0000000002eb6134 method=java.util.BitSet.ensureCapacity(I)V @ 6
Event: 1.321 Thread 0x0000000016e27000 Uncommon trap: reason=unstable_if action=reinterpret pc=0x0000000002ea3770 method=java.util.BitSet.nextSetBit(I)I @ 87
Event: 1.330 Thread 0x0000000016e1a000 Uncommon trap: reason=unstable_if action=reinterpret pc=0x0000000002e94d64 method=java.util.HashMap.getNode(ILjava/lang/Object;)Ljava/util/HashMap$Node; @ 129
Event: 1.332 Thread 0x0000000016e1a000 Uncommon trap: reason=class_check action=maybe_recompile pc=0x0000000002f11d14 method=com.android.dx.ssa.NormalSsaInsn.accept(Lcom/android/dx/ssa/SsaInsn$Visitor;)V @ 9
Event: 1.335 Thread 0x0000000016e27800 Uncommon trap: reason=unstable_if action=reinterpret pc=0x0000000002f3271c method=com.android.dx.rop.code.LocalItem.hashCode()I @ 25
Event: 1.342 Thread 0x0000000016e1a000 Uncommon trap: reason=class_check action=maybe_recompile pc=0x0000000002f11d14 method=com.android.dx.ssa.NormalSsaInsn.accept(Lcom/android/dx/ssa/SsaInsn$Visitor;)V @ 9

Internal exceptions (2 events):
Event: 0.146 Thread 0x000000000122d800 Exception <a 'java/lang/NoSuchMethodError': Method sun.misc.Unsafe.defineClass(Ljava/lang/String;[BII)Ljava/lang/Class; name or signature does not match> (0x00000000eab0d510) thrown at [C:\re\workspace\8-2-build-windows-amd64-cygwin\jdk8u60\4407\hotspot\sr²d1¤`§Â?
Event: 0.146 Thread 0x000000000122d800 Exception <a 'java/lang/NoSuchMethodError': Method sun.misc.Unsafe.prefetchRead(Ljava/lang/Object;J)V name or signature does not match> (0x00000000eab0d7f8) thrown at [C:\re\workspace\8-2-build-windows-amd64-cygwin\jdk8u60\4407\hotspot\src\share\vm\prims\j

Events (10 events):
Event: 1.335 Thread 0x0000000016e27800 Uncommon trap: trap_request=0xffffff65 fr.pc=0x0000000002f3271c
Event: 1.335 Thread 0x0000000016e27800 DEOPT PACKING pc=0x0000000002f3271c sp=0x000000001779e960
Event: 1.335 Thread 0x0000000016e27800 DEOPT UNPACKING pc=0x0000000002cc582a sp=0x000000001779e898 mode 2
Event: 1.336 loading class com/android/dx/dex/file/MethodAnnotationStruct
Event: 1.336 loading class com/android/dx/dex/file/MethodAnnotationStruct done
Event: 1.342 Thread 0x0000000016e1a000 Uncommon trap: trap_request=0xffffffde fr.pc=0x0000000002f11d14
Event: 1.342 Thread 0x0000000016e1a000 DEOPT PACKING pc=0x0000000002f11d14 sp=0x000000001739ec30
Event: 1.342 Thread 0x0000000016e1a000 DEOPT UNPACKING pc=0x0000000002cc582a sp=0x000000001739eb70 mode 2
Event: 1.345 Executing VM operation: ForceSafepoint
Event: 1.345 Executing VM operation: ForceSafepoint done


Dynamic libraries:
0x00007ff767f00000 - 0x00007ff767f37000 	C:\Program Files\Java\jdk1.8.0_60\bin\java.exe
0x00007fff871a0000 - 0x00007fff87362000 	C:\Windows\SYSTEM32\ntdll.dll
0x00007fff86cb0000 - 0x00007fff86d5d000 	C:\Windows\system32\KERNEL32.DLL
0x00007fff83fc0000 - 0x00007fff8419d000 	C:\Windows\system32\KERNELBASE.dll
0x00007fff870d0000 - 0x00007fff87176000 	C:\Windows\system32\ADVAPI32.dll
0x00007fff84ef0000 - 0x00007fff84f8d000 	C:\Windows\system32\msvcrt.dll
0x00007fff86b20000 - 0x00007fff86b7b000 	C:\Windows\system32\sechost.dll
0x00007fff86b80000 - 0x00007fff86ca6000 	C:\Windows\system32\RPCRT4.dll
0x00007fff84990000 - 0x00007fff84ade000 	C:\Windows\system32\USER32.dll
0x00007fff86d60000 - 0x00007fff86ee6000 	C:\Windows\system32\GDI32.dll
0x00007fff75e90000 - 0x00007fff76104000 	C:\Windows\WinSxS\amd64_microsoft.windows.common-controls_6595b64144ccf1df_6.0.10240.16384_none_f41f7b285750ef43\COMCTL32.dll
0x00007fff848f0000 - 0x00007fff84926000 	C:\Windows\system32\IMM32.DLL
0x00007fff851a0000 - 0x00007fff852fc000 	C:\Windows\system32\MSCTF.dll
0x0000000069ed0000 - 0x0000000069fa2000 	C:\Program Files\Java\jdk1.8.0_60\jre\bin\msvcr100.dll
0x000000006a350000 - 0x000000006abd9000 	C:\Program Files\Java\jdk1.8.0_60\jre\bin\server\jvm.dll
0x00007fff868d0000 - 0x00007fff868d8000 	C:\Windows\system32\PSAPI.DLL
0x00007fff7aeb0000 - 0x00007fff7aeb9000 	C:\Windows\SYSTEM32\WSOCK32.dll
0x00007fff81ad0000 - 0x00007fff81af3000 	C:\Windows\SYSTEM32\WINMM.dll
0x00007fff868e0000 - 0x00007fff86949000 	C:\Windows\system32\WS2_32.dll
0x00007fff86950000 - 0x00007fff86958000 	C:\Windows\system32\NSI.dll
0x00007fff7c410000 - 0x00007fff7c41a000 	C:\Windows\SYSTEM32\VERSION.dll
0x00007fff81aa0000 - 0x00007fff81acc000 	C:\Windows\SYSTEM32\WINMMBASE.dll
0x00007fff83e00000 - 0x00007fff83e44000 	C:\Windows\system32\cfgmgr32.dll
0x00007fff82500000 - 0x00007fff82527000 	C:\Windows\SYSTEM32\DEVOBJ.dll
0x000000006a340000 - 0x000000006a34f000 	C:\Program Files\Java\jdk1.8.0_60\jre\bin\verify.dll
0x000000006a310000 - 0x000000006a339000 	C:\Program Files\Java\jdk1.8.0_60\jre\bin\java.dll
0x000000006a2f0000 - 0x000000006a306000 	C:\Program Files\Java\jdk1.8.0_60\jre\bin\zip.dll
0x00007fff85360000 - 0x00007fff868c8000 	C:\Windows\system32\SHELL32.dll
0x00007fff84200000 - 0x00007fff84828000 	C:\Windows\system32\windows.storage.dll
0x00007fff84c70000 - 0x00007fff84eec000 	C:\Windows\system32\combase.dll
0x00007fff84930000 - 0x00007fff84981000 	C:\Windows\system32\shlwapi.dll
0x00007fff83c20000 - 0x00007fff83c2f000 	C:\Windows\system32\kernel.appcore.dll
0x00007fff83e50000 - 0x00007fff83f03000 	C:\Windows\system32\shcore.dll
0x00007fff83bd0000 - 0x00007fff83c1a000 	C:\Windows\system32\powrprof.dll
0x00007fff83bb0000 - 0x00007fff83bc3000 	C:\Windows\system32\profapi.dll
0x00007fff84830000 - 0x00007fff848ee000 	C:\Windows\system32\OLEAUT32.dll

VM Arguments:
jvm_args: -Djava.awt.headless=true -Xmx1024M -Dfile.encoding=windows-1252 -Duser.country=NZ -Duser.language=en -Duser.variant 
java_command: com.android.dx.command.Main --dex --num-threads=4 --output C:\Users\Mr Nobody\Documents\GitHub\IN721-AndroidPracticals\Week10\Location\app\build\intermediates\pre-dexed\debug\internal_impl-23.2.1_7e672b24e35aeb2c677bfc02129eebdcda8e4b94.jar C:\Users\Mr Nobody\Documents\GitHub\IN721-AndroidPracticals\Week10\Location\app\build\intermediates\exploded-aar\com.android.support\support-v4\23.2.1\jars\libs\internal_impl-23.2.1.jar
java_class_path (initial): C:\Android\sdk\build-tools\23.0.2\lib\dx.jar
Launcher Type: SUN_STANDARD

Environment Variables:
PATH=C:\ProgramData\Oracle\Java\javapath;C:\Program Files (x86)\Intel\iCLS Client\;C:\Program Files\Intel\iCLS Client\;C:\Windows\system32;C:\Windows;C:\Windows\System32\Wbem;C:\Windows\System32\WindowsPowerShell\v1.0\;c:\Program Files (x86)\Microsoft SQL Server\90\Tools\binn\;C:\Program Files (x86)\Skype\Phone\;C:\Program Files (x86)\Windows Kits\8.1\Windows Performance Toolkit\;C:\Program Files\Microsoft SQL Server\110\Tools\Binn\
USERNAME=Mr Nobody
OS=Windows_NT
PROCESSOR_IDENTIFIER=Intel64 Family 6 Model 61 Stepping 4, GenuineIntel



---------------  S Y S T E M  ---------------

OS: Windows 10.0 , 64 bit Build 10240 (10.0.10240.16384)

CPU:total 4 (2 cores per cpu, 2 threads per core) family 6 model 61 stepping 4, cmov, cx8, fxsr, mmx, sse, sse2, sse3, ssse3, sse4.1, sse4.2, popcnt, avx, avx2, aes, clmul, erms, 3dnowpref, lzcnt, ht, tsc, tscinvbit, bmi1, bmi2, adx

Memory: 4k page, physical 8288684k(2656600k free), swap 10307432k(5124k free)

vm_info: Java HotSpot(TM) 64-Bit Server VM (25.60-b23) for windows-amd64 JRE (1.8.0_60-b27), built on Aug  4 2015 11:06:27 by "java_re" with MS VC++ 10.0 (VS2010)

time: Tue May 10 21:00:22 2016
elapsed time: 1 seconds (0d 0h 0m 1s)

