#
# There is insufficient memory for the Java Runtime Environment to continue.
# Native memory allocation (malloc) failed to allocate 1048576 bytes for AllocateHeap
# Possible reasons:
#   The system is out of physical RAM or swap space
#   In 32 bit mode, the process size limit was hit
# Possible solutions:
#   Reduce memory load on the system
#   Increase physical memory or swap space
#   Check if swap backing store is full
#   Use 64 bit Java on a 64 bit OS
#   Decrease Java heap size (-Xmx/-Xms)
#   Decrease number of Java threads
#   Decrease Java thread stack sizes (-Xss)
#   Set larger code cache with -XX:ReservedCodeCacheSize=
# This output file may be truncated or incomplete.
#
#  Out of Memory Error (memory/allocation.inline.hpp:61), pid=2556, tid=3572
#
# JRE version:  (8.0_60-b27) (build )
# Java VM: Java HotSpot(TM) 64-Bit Server VM (25.60-b23 mixed mode windows-amd64 compressed oops)
# Failed to write core dump. Minidumps are not enabled by default on client versions of Windows
#

---------------  T H R E A D  ---------------

Current thread (0x0000000000fdd800):  JavaThread "Unknown thread" [_thread_in_vm, id=3572, stack(0x00000000027f0000,0x00000000028f0000)]

Stack: [0x00000000027f0000,0x00000000028f0000]
[error occurred during error reporting (printing stack bounds), id 0xc0000005]

Native frames: (J=compiled Java code, j=interpreted, Vv=VM code, C=native code)


---------------  P R O C E S S  ---------------

Java Threads: ( => current thread )

Other Threads:

=>0x0000000000fdd800 (exited) JavaThread "Unknown thread" [_thread_in_vm, id=3572, stack(0x00000000027f0000,0x00000000028f0000)]

VM state:not at safepoint (normal execution)

VM Mutex/Monitor currently owned by a thread: None

Heap:
 PSYoungGen      total 38400K, used 665K [0x00000000eab00000, 0x00000000ed580000, 0x0000000100000000)
  eden space 33280K, 2% used [0x00000000eab00000,0x00000000eaba6670,0x00000000ecb80000)
  from space 5120K, 0% used [0x00000000ed080000,0x00000000ed080000,0x00000000ed580000)
  to   space 5120K, 0% used [0x00000000ecb80000,0x00000000ecb80000,0x00000000ed080000)
 ParOldGen       total 87552K, used 0K [0x00000000c0000000, 0x00000000c5580000, 0x00000000eab00000)
  object space 87552K, 0% used [0x00000000c0000000,0x00000000c0000000,0x00000000c5580000)
 Metaspace       used 767K, capacity 4480K, committed 4480K, reserved 1056768K
  class space    used 75K, capacity 384K, committed 384K, reserved 1048576K

Card table byte_map: [0x0000000011eb0000,0x00000000120c0000] byte_map_base: 0x00000000118b0000

Marking Bits: (ParMarkBitMap*) 0x000000006ab5a5b0
 Begin Bits: [0x0000000012620000, 0x0000000013620000)
 End Bits:   [0x0000000013620000, 0x0000000014620000)

Polling page: 0x0000000000fa0000

CodeCache: size=245760Kb used=328Kb max_used=328Kb free=245431Kb
 bounds [0x0000000002af0000, 0x0000000002d60000, 0x0000000011af0000]
 total_blobs=57 nmethods=0 adapters=37
 compilation: enabled

Compilation events (0 events):
No events

GC Heap History (0 events):
No events

Deoptimization events (0 events):
No events

Internal exceptions (0 events):
No events

Events (10 events):
Event: 0.104 loading class java/lang/Short
Event: 0.104 loading class java/lang/Short done
Event: 0.104 loading class java/lang/Integer
Event: 0.104 loading class java/lang/Integer done
Event: 0.104 loading class java/lang/Long
Event: 0.105 loading class java/lang/Long done
Event: 0.106 loading class java/lang/NullPointerException
Event: 0.106 loading class java/lang/NullPointerException done
Event: 0.106 loading class java/lang/ArithmeticException
Event: 0.106 loading class java/lang/ArithmeticException done


Dynamic libraries:
0x00007ff767f00000 - 0x00007ff767f37000 	C:\Program Files\Java\jdk1.8.0_60\bin\java.exe
0x00007fff871a0000 - 0x00007fff87362000 	C:\Windows\SYSTEM32\ntdll.dll
0x00007fff86cb0000 - 0x00007fff86d5d000 	C:\Windows\system32\KERNEL32.DLL
0x00007fff83fc0000 - 0x00007fff8419d000 	C:\Windows\system32\KERNELBASE.dll
0x00007fff870d0000 - 0x00007fff87176000 	C:\Windows\system32\ADVAPI32.dll
0x00007fff84ef0000 - 0x00007fff84f8d000 	C:\Windows\system32\msvcrt.dll
0x00007fff86b20000 - 0x00007fff86b7b000 	C:\Windows\system32\sechost.dll
0x00007fff86b80000 - 0x00007fff86ca6000 	C:\Windows\system32\RPCRT4.dll
0x00007fff84990000 - 0x00007fff84ade000 	C:\Windows\system32\USER32.dll
0x00007fff86d60000 - 0x00007fff86ee6000 	C:\Windows\system32\GDI32.dll
0x00007fff75e90000 - 0x00007fff76104000 	C:\Windows\WinSxS\amd64_microsoft.windows.common-controls_6595b64144ccf1df_6.0.10240.16384_none_f41f7b285750ef43\COMCTL32.dll
0x00007fff848f0000 - 0x00007fff84926000 	C:\Windows\system32\IMM32.DLL
0x00007fff851a0000 - 0x00007fff852fc000 	C:\Windows\system32\MSCTF.dll
0x0000000069ed0000 - 0x0000000069fa2000 	C:\Program Files\Java\jdk1.8.0_60\jre\bin\msvcr100.dll
0x000000006a350000 - 0x000000006abd9000 	C:\Program Files\Java\jdk1.8.0_60\jre\bin\server\jvm.dll
0x00007fff868d0000 - 0x00007fff868d8000 	C:\Windows\system32\PSAPI.DLL
0x00007fff7aeb0000 - 0x00007fff7aeb9000 	C:\Windows\SYSTEM32\WSOCK32.dll
0x00007fff868e0000 - 0x00007fff86949000 	C:\Windows\system32\WS2_32.dll
0x00007fff86950000 - 0x00007fff86958000 	C:\Windows\system32\NSI.dll
0x00007fff81ad0000 - 0x00007fff81af3000 	C:\Windows\SYSTEM32\WINMM.dll
0x00007fff7c410000 - 0x00007fff7c41a000 	C:\Windows\SYSTEM32\VERSION.dll
0x00007fff81aa0000 - 0x00007fff81acc000 	C:\Windows\SYSTEM32\WINMMBASE.dll
0x00007fff83e00000 - 0x00007fff83e44000 	C:\Windows\system32\cfgmgr32.dll
0x00007fff82500000 - 0x00007fff82527000 	C:\Windows\SYSTEM32\DEVOBJ.dll
0x000000006a340000 - 0x000000006a34f000 	C:\Program Files\Java\jdk1.8.0_60\jre\bin\verify.dll
0x000000006a310000 - 0x000000006a339000 	C:\Program Files\Java\jdk1.8.0_60\jre\bin\java.dll
0x000000006a2f0000 - 0x000000006a306000 	C:\Program Files\Java\jdk1.8.0_60\jre\bin\zip.dll

VM Arguments:
jvm_args: -Djava.awt.headless=true -Xmx1024M -Dfile.encoding=windows-1252 -Duser.country=NZ -Duser.language=en -Duser.variant 
java_command: com.android.dx.command.Main --dex --num-threads=4 --output C:\Users\Mr Nobody\Documents\GitHub\IN721-AndroidPracticals\Week10\Location\app\build\intermediates\pre-dexed\debug\support-annotations-23.2.1_a56e9dd4c90bf7079c075061d78cff57c1577e98.jar C:\Android\sdk\extras\android\m2repository\com\android\support\support-annotations\23.2.1\support-annotations-23.2.1.jar
java_class_path (initial): C:\Android\sdk\build-tools\23.0.2\lib\dx.jar
Launcher Type: SUN_STANDARD

Environment Variables:
PATH=C:\ProgramData\Oracle\Java\javapath;C:\Program Files (x86)\Intel\iCLS Client\;C:\Program Files\Intel\iCLS Client\;C:\Windows\system32;C:\Windows;C:\Windows\System32\Wbem;C:\Windows\System32\WindowsPowerShell\v1.0\;c:\Program Files (x86)\Microsoft SQL Server\90\Tools\binn\;C:\Program Files (x86)\Skype\Phone\;C:\Program Files (x86)\Windows Kits\8.1\Windows Performance Toolkit\;C:\Program Files\Microsoft SQL Server\110\Tools\Binn\
USERNAME=Mr Nobody
OS=Windows_NT
PROCESSOR_IDENTIFIER=Intel64 Family 6 Model 61 Stepping 4, GenuineIntel



---------------  S Y S T E M  ---------------

OS: Windows 10.0 , 64 bit Build 10240 (10.0.10240.16384)

CPU:total 4 (2 cores per cpu, 2 threads per core) family 6 model 61 stepping 4, cmov, cx8, fxsr, mmx, sse, sse2, sse3, ssse3, sse4.1, sse4.2, popcnt, avx, avx2, aes, clmul, erms, 3dnowpref, lzcnt, ht, tsc, tscinvbit, bmi1, bmi2, adx

Memory: 4k page, physical 8288684k(2010936k free), swap 10307432k(5564k free)

vm_info: Java HotSpot(TM) 64-Bit Server VM (25.60-b23) for windows-amd64 JRE (1.8.0_60-b27), built on Aug  4 2015 11:06:27 by "java_re" with MS VC++ 10.0 (VS2010)

time: Tue May 10 21:00:19 2016
elapsed time: 0 seconds (0d 0h 0m 0s)

