#
# There is insufficient memory for the Java Runtime Environment to continue.
# Native memory allocation (malloc) failed to allocate 406352 bytes for Chunk::new
# Possible reasons:
#   The system is out of physical RAM or swap space
#   In 32 bit mode, the process size limit was hit
# Possible solutions:
#   Reduce memory load on the system
#   Increase physical memory or swap space
#   Check if swap backing store is full
#   Use 64 bit Java on a 64 bit OS
#   Decrease Java heap size (-Xmx/-Xms)
#   Decrease number of Java threads
#   Decrease Java thread stack sizes (-Xss)
#   Set larger code cache with -XX:ReservedCodeCacheSize=
# This output file may be truncated or incomplete.
#
#  Out of Memory Error (allocation.cpp:390), pid=5464, tid=1968
#
# JRE version: Java(TM) SE Runtime Environment (8.0_60-b27) (build 1.8.0_60-b27)
# Java VM: Java HotSpot(TM) 64-Bit Server VM (25.60-b23 mixed mode windows-amd64 compressed oops)
# Failed to write core dump. Minidumps are not enabled by default on client versions of Windows
#

---------------  T H R E A D  ---------------

Current thread (0x0000000014960000):  JavaThread "C2 CompilerThread1" daemon [_thread_in_native, id=1968, stack(0x0000000015fc0000,0x00000000160c0000)]

Stack: [0x0000000015fc0000,0x00000000160c0000]
[error occurred during error reporting (printing stack bounds), id 0xc0000005]

Native frames: (J=compiled Java code, j=interpreted, Vv=VM code, C=native code)


Current CompileTask:
C2:    547  490       4       com.android.dx.merge.IndexMap$EncodedValueTransformer::transform (495 bytes)


---------------  P R O C E S S  ---------------

Java Threads: ( => current thread )
  0x00000000161f4000 JavaThread "Service Thread" daemon [_thread_blocked, id=6160, stack(0x00000000165c0000,0x00000000166c0000)]
  0x0000000014966800 JavaThread "C1 CompilerThread2" daemon [_thread_blocked, id=3400, stack(0x00000000160c0000,0x00000000161c0000)]
=>0x0000000014960000 JavaThread "C2 CompilerThread1" daemon [_thread_in_native, id=1968, stack(0x0000000015fc0000,0x00000000160c0000)]
  0x000000001495b800 JavaThread "C2 CompilerThread0" daemon [_thread_in_native, id=2272, stack(0x0000000015ec0000,0x0000000015fc0000)]
  0x000000001495a000 JavaThread "Attach Listener" daemon [_thread_blocked, id=1260, stack(0x0000000015dc0000,0x0000000015ec0000)]
  0x0000000014958800 JavaThread "Signal Dispatcher" daemon [_thread_blocked, id=4848, stack(0x0000000015cc0000,0x0000000015dc0000)]
  0x0000000002288000 JavaThread "Finalizer" daemon [_thread_blocked, id=6692, stack(0x0000000015bc0000,0x0000000015cc0000)]
  0x000000000227f800 JavaThread "Reference Handler" daemon [_thread_blocked, id=2928, stack(0x0000000015ac0000,0x0000000015bc0000)]
  0x000000000218e000 JavaThread "main" [_thread_in_Java, id=3528, stack(0x0000000001fa0000,0x00000000020a0000)]

Other Threads:
  0x0000000014926800 VMThread [stack: 0x00000000159c0000,0x0000000015ac0000] [id=5564]
  0x00000000161fa000 WatcherThread [stack: 0x00000000166c0000,0x00000000167c0000] [id=700]

VM state:not at safepoint (normal execution)

VM Mutex/Monitor currently owned by a thread: None

Heap:
 PSYoungGen      total 38400K, used 31287K [0x00000000eab00000, 0x00000000ed580000, 0x0000000100000000)
  eden space 33280K, 94% used [0x00000000eab00000,0x00000000ec98dda8,0x00000000ecb80000)
  from space 5120K, 0% used [0x00000000ed080000,0x00000000ed080000,0x00000000ed580000)
  to   space 5120K, 0% used [0x00000000ecb80000,0x00000000ecb80000,0x00000000ed080000)
 ParOldGen       total 87552K, used 0K [0x00000000c0000000, 0x00000000c5580000, 0x00000000eab00000)
  object space 87552K, 0% used [0x00000000c0000000,0x00000000c0000000,0x00000000c5580000)
 Metaspace       used 4215K, capacity 5296K, committed 5376K, reserved 1056768K
  class space    used 461K, capacity 488K, committed 512K, reserved 1048576K

Card table byte_map: [0x0000000011650000,0x0000000011860000] byte_map_base: 0x0000000011050000

Marking Bits: (ParMarkBitMap*) 0x000000006ab5a5b0
 Begin Bits: [0x0000000011dc0000, 0x0000000012dc0000)
 End Bits:   [0x0000000012dc0000, 0x0000000013dc0000)

Polling page: 0x0000000000790000

CodeCache: size=245760Kb used=2242Kb max_used=2242Kb free=243517Kb
 bounds [0x0000000002290000, 0x0000000002500000, 0x0000000011290000]
 total_blobs=812 nmethods=556 adapters=169
 compilation: enabled

Compilation events (10 events):
Event: 0.525 Thread 0x0000000014966800  565       3       java.security.CodeSource::getCertificates (98 bytes)
Event: 0.526 Thread 0x0000000014966800 nmethod 565 0x00000000024be190 code [0x00000000024be3c0, 0x00000000024bef98]
Event: 0.526 Thread 0x0000000014966800  566  s!   3       java.net.URLStreamHandler::getHostAddress (54 bytes)
Event: 0.527 Thread 0x0000000014966800 nmethod 566 0x00000000024bf3d0 code [0x00000000024bf560, 0x00000000024bfc38]
Event: 0.530 Thread 0x0000000014966800  567       3       java.util.zip.ZipFile$ZipFileInflaterInputStream::fill (80 bytes)
Event: 0.530 Thread 0x0000000014966800 nmethod 567 0x00000000024bfdd0 code [0x00000000024bff80, 0x00000000024c03a8]
Event: 0.530 Thread 0x0000000014966800  568   !   3       java.util.zip.ZipFile$ZipFileInputStream::read (131 bytes)
Event: 0.531 Thread 0x0000000014966800 nmethod 568 0x00000000024c0590 code [0x00000000024c0760, 0x00000000024c0fe8]
Event: 0.535 Thread 0x0000000014966800  570   !   3       java.util.WeakHashMap::expungeStaleEntries (139 bytes)
Event: 0.536 Thread 0x0000000014966800 nmethod 570 0x00000000024c1910 code [0x00000000024c1ae0, 0x00000000024c25e8]

GC Heap History (0 events):
No events

Deoptimization events (10 events):
Event: 0.242 Thread 0x000000000218e000 Uncommon trap: reason=class_check action=maybe_recompile pc=0x0000000002412080 method=java.util.TreeMap.put(Ljava/lang/Object;Ljava/lang/Object;)Ljava/lang/Object; @ 127
Event: 0.242 Thread 0x000000000218e000 Uncommon trap: reason=class_check action=maybe_recompile pc=0x0000000002412080 method=java.util.TreeMap.put(Ljava/lang/Object;Ljava/lang/Object;)Ljava/lang/Object; @ 127
Event: 0.250 Thread 0x000000000218e000 Uncommon trap: reason=unstable_if action=reinterpret pc=0x0000000002419ec8 method=java.util.ArrayList.grow(I)V @ 15
Event: 0.266 Thread 0x000000000218e000 Uncommon trap: reason=predicate action=maybe_recompile pc=0x0000000002422f48 method=java.util.TreeMap.getEntry(Ljava/lang/Object;)Ljava/util/TreeMap$Entry; @ 39
Event: 0.273 Thread 0x000000000218e000 Uncommon trap: reason=predicate action=maybe_recompile pc=0x0000000002432f80 method=java.util.TreeMap.put(Ljava/lang/Object;Ljava/lang/Object;)Ljava/lang/Object; @ 132
Event: 0.340 Thread 0x000000000218e000 Uncommon trap: reason=class_check action=maybe_recompile pc=0x000000000241deb0 method=com.android.dex.Leb128.readUnsignedLeb128(Lcom/android/dex/util/ByteInput;)I @ 5
Event: 0.340 Thread 0x000000000218e000 Uncommon trap: reason=class_check action=maybe_recompile pc=0x000000000241deb0 method=com.android.dex.Leb128.readUnsignedLeb128(Lcom/android/dex/util/ByteInput;)I @ 5
Event: 0.340 Thread 0x000000000218e000 Uncommon trap: reason=class_check action=maybe_recompile pc=0x000000000241deb0 method=com.android.dex.Leb128.readUnsignedLeb128(Lcom/android/dex/util/ByteInput;)I @ 5
Event: 0.341 Thread 0x000000000218e000 Uncommon trap: reason=class_check action=maybe_recompile pc=0x000000000241deb0 method=com.android.dex.Leb128.readUnsignedLeb128(Lcom/android/dex/util/ByteInput;)I @ 5
Event: 0.357 Thread 0x000000000218e000 Uncommon trap: reason=predicate action=maybe_recompile pc=0x0000000002476280 method=com.android.dex.Leb128.readUnsignedLeb128(Lcom/android/dex/util/ByteInput;)I @ 41

Internal exceptions (2 events):
Event: 0.031 Thread 0x000000000218e000 Exception <a 'java/lang/NoSuchMethodError': Method sun.misc.Unsafe.defineClass(Ljava/lang/String;[BII)Ljava/lang/Class; name or signature does not match> (0x00000000eab0dbe8) thrown at [C:\re\workspace\8-2-build-windows-amd64-cygwin\jdk8u60\4407\hotspot\sró›î
Event: 0.031 Thread 0x000000000218e000 Exception <a 'java/lang/NoSuchMethodError': Method sun.misc.Unsafe.prefetchRead(Ljava/lang/Object;J)V name or signature does not match> (0x00000000eab0ded0) thrown at [C:\re\workspace\8-2-build-windows-amd64-cygwin\jdk8u60\4407\hotspot\src\share\vm\prims\j

Events (10 events):
Event: 0.534 loading class com/android/dx/io/instructions/InstructionCodec$30
Event: 0.534 loading class com/android/dx/io/instructions/InstructionCodec$30 done
Event: 0.534 loading class com/android/dx/io/instructions/InstructionCodec$31
Event: 0.534 loading class com/android/dx/io/instructions/InstructionCodec$31 done
Event: 0.534 loading class com/android/dx/io/instructions/InstructionCodec$32
Event: 0.534 loading class com/android/dx/io/instructions/InstructionCodec$32 done
Event: 0.536 loading class com/android/dx/io/instructions/InstructionCodec$33
Event: 0.536 loading class com/android/dx/io/instructions/InstructionCodec$33 done
Event: 0.536 loading class com/android/dx/io/instructions/InstructionCodec$34
Event: 0.536 loading class com/android/dx/io/instructions/InstructionCodec$34 done


Dynamic libraries:
0x00007ff767f00000 - 0x00007ff767f37000 	C:\Program Files\Java\jdk1.8.0_60\bin\java.exe
0x00007fff871a0000 - 0x00007fff87362000 	C:\Windows\SYSTEM32\ntdll.dll
0x00007fff86cb0000 - 0x00007fff86d5d000 	C:\Windows\system32\KERNEL32.DLL
0x00007fff83fc0000 - 0x00007fff8419d000 	C:\Windows\system32\KERNELBASE.dll
0x00007fff870d0000 - 0x00007fff87176000 	C:\Windows\system32\ADVAPI32.dll
0x00007fff84ef0000 - 0x00007fff84f8d000 	C:\Windows\system32\msvcrt.dll
0x00007fff86b20000 - 0x00007fff86b7b000 	C:\Windows\system32\sechost.dll
0x00007fff86b80000 - 0x00007fff86ca6000 	C:\Windows\system32\RPCRT4.dll
0x00007fff84990000 - 0x00007fff84ade000 	C:\Windows\system32\USER32.dll
0x00007fff86d60000 - 0x00007fff86ee6000 	C:\Windows\system32\GDI32.dll
0x00007fff75e90000 - 0x00007fff76104000 	C:\Windows\WinSxS\amd64_microsoft.windows.common-controls_6595b64144ccf1df_6.0.10240.16384_none_f41f7b285750ef43\COMCTL32.dll
0x00007fff848f0000 - 0x00007fff84926000 	C:\Windows\system32\IMM32.DLL
0x00007fff851a0000 - 0x00007fff852fc000 	C:\Windows\system32\MSCTF.dll
0x0000000069ed0000 - 0x0000000069fa2000 	C:\Program Files\Java\jdk1.8.0_60\jre\bin\msvcr100.dll
0x000000006a350000 - 0x000000006abd9000 	C:\Program Files\Java\jdk1.8.0_60\jre\bin\server\jvm.dll
0x00007fff868d0000 - 0x00007fff868d8000 	C:\Windows\system32\PSAPI.DLL
0x00007fff7aeb0000 - 0x00007fff7aeb9000 	C:\Windows\SYSTEM32\WSOCK32.dll
0x00007fff81ad0000 - 0x00007fff81af3000 	C:\Windows\SYSTEM32\WINMM.dll
0x00007fff7c410000 - 0x00007fff7c41a000 	C:\Windows\SYSTEM32\VERSION.dll
0x00007fff868e0000 - 0x00007fff86949000 	C:\Windows\system32\WS2_32.dll
0x00007fff86950000 - 0x00007fff86958000 	C:\Windows\system32\NSI.dll
0x00007fff81aa0000 - 0x00007fff81acc000 	C:\Windows\SYSTEM32\WINMMBASE.dll
0x00007fff83e00000 - 0x00007fff83e44000 	C:\Windows\system32\cfgmgr32.dll
0x00007fff82500000 - 0x00007fff82527000 	C:\Windows\SYSTEM32\DEVOBJ.dll
0x000000006a340000 - 0x000000006a34f000 	C:\Program Files\Java\jdk1.8.0_60\jre\bin\verify.dll
0x000000006a310000 - 0x000000006a339000 	C:\Program Files\Java\jdk1.8.0_60\jre\bin\java.dll
0x000000006a2f0000 - 0x000000006a306000 	C:\Program Files\Java\jdk1.8.0_60\jre\bin\zip.dll
0x00007fff85360000 - 0x00007fff868c8000 	C:\Windows\system32\SHELL32.dll
0x00007fff84200000 - 0x00007fff84828000 	C:\Windows\system32\windows.storage.dll
0x00007fff84c70000 - 0x00007fff84eec000 	C:\Windows\system32\combase.dll
0x00007fff84930000 - 0x00007fff84981000 	C:\Windows\system32\shlwapi.dll
0x00007fff83c20000 - 0x00007fff83c2f000 	C:\Windows\system32\kernel.appcore.dll
0x00007fff83e50000 - 0x00007fff83f03000 	C:\Windows\system32\shcore.dll
0x00007fff83bd0000 - 0x00007fff83c1a000 	C:\Windows\system32\powrprof.dll
0x00007fff83bb0000 - 0x00007fff83bc3000 	C:\Windows\system32\profapi.dll
0x00007fff84830000 - 0x00007fff848ee000 	C:\Windows\system32\OLEAUT32.dll

VM Arguments:
jvm_args: -Djava.awt.headless=true -Xmx1024M -Dfile.encoding=windows-1252 -Duser.country=NZ -Duser.language=en -Duser.variant 
java_command: com.android.dx.command.Main --dex --num-threads=4 --output C:\Users\Mr Nobody\Documents\GitHub\IN721-AndroidPracticals\Week10\Location\app\build\intermediates\transforms\dex\debug\folders\1000\1f\main C:\Users\Mr Nobody\Documents\GitHub\IN721-AndroidPracticals\Week10\Location\app\build\intermediates\pre-dexed\debug\support-annotations-23.2.1_a56e9dd4c90bf7079c075061d78cff57c1577e98.jar C:\Users\Mr Nobody\Documents\GitHub\IN721-AndroidPracticals\Week10\Location\app\build\intermediates\pre-dexed\debug\com.android.support-animated-vector-drawable-23.2.1_6321006039a50307650b13a2074e33e3180be23a.jar C:\Users\Mr Nobody\Documents\GitHub\IN721-AndroidPracticals\Week10\Location\app\build\intermediates\pre-dexed\debug\com.android.support-support-vector-drawable-23.2.1_180982266a34af32c4b32b9ed5d9ca436100b5dd.jar C:\Users\Mr Nobody\Documents\GitHub\IN721-AndroidPracticals\Week10\Location\app\build\intermediates\pre-dexed\debug\debug_c9330969e6ef6ef19615d348cb0eb2cd117f1b23.jar C:\Users\Mr Nobody\Documents\GitHub\IN721-AndroidPracticals\Week10\Location\app\build\intermediates\pre-dexed\debug\internal_impl-23.2.1_7e672b24e35aeb2c677bfc02129eebdcda8e4b94.jar C:\Users\Mr Nobody\Documents\GitHub\IN721-AndroidPracticals\Week10\Location\app\build\intermediates\pre-dexed\debug\com.android.support-appcompat-v7-23.2.1_7b2edbc5d055aef861d26be2c011d56b8167a062.jar C:\Users\Mr Nobody\Documents\GitHub\IN721-AndroidPracticals\Week10\Location\app\build\intermediates\pre-dexed\debug\com.android.support-support-v4-23.2.1_4b999e0579d7992f2d87663c81dd233fd325382d.jar
java_class_path (initial): C:\Android\sdk\build-tools\23.0.2\lib\dx.jar
Launcher Type: SUN_STANDARD

Environment Variables:
PATH=C:\ProgramData\Oracle\Java\javapath;C:\Program Files (x86)\Intel\iCLS Client\;C:\Program Files\Intel\iCLS Client\;C:\Windows\system32;C:\Windows;C:\Windows\System32\Wbem;C:\Windows\System32\WindowsPowerShell\v1.0\;c:\Program Files (x86)\Microsoft SQL Server\90\Tools\binn\;C:\Program Files (x86)\Skype\Phone\;C:\Program Files (x86)\Windows Kits\8.1\Windows Performance Toolkit\;C:\Program Files\Microsoft SQL Server\110\Tools\Binn\
USERNAME=Mr Nobody
OS=Windows_NT
PROCESSOR_IDENTIFIER=Intel64 Family 6 Model 61 Stepping 4, GenuineIntel



---------------  S Y S T E M  ---------------

OS: Windows 10.0 , 64 bit Build 10240 (10.0.10240.16384)

CPU:total 4 (2 cores per cpu, 2 threads per core) family 6 model 61 stepping 4, cmov, cx8, fxsr, mmx, sse, sse2, sse3, ssse3, sse4.1, sse4.2, popcnt, avx, avx2, aes, clmul, erms, 3dnowpref, lzcnt, ht, tsc, tscinvbit, bmi1, bmi2, adx

Memory: 4k page, physical 8288684k(1231684k free), swap 10307432k(5496k free)

vm_info: Java HotSpot(TM) 64-Bit Server VM (25.60-b23) for windows-amd64 JRE (1.8.0_60-b27), built on Aug  4 2015 11:06:27 by "java_re" with MS VC++ 10.0 (VS2010)

time: Tue May 10 20:57:42 2016
elapsed time: 0 seconds (0d 0h 0m 0s)

