#
# There is insufficient memory for the Java Runtime Environment to continue.
# Native memory allocation (malloc) failed to allocate 32744 bytes for ChunkPool::allocate
# Possible reasons:
#   The system is out of physical RAM or swap space
#   In 32 bit mode, the process size limit was hit
# Possible solutions:
#   Reduce memory load on the system
#   Increase physical memory or swap space
#   Check if swap backing store is full
#   Use 64 bit Java on a 64 bit OS
#   Decrease Java heap size (-Xmx/-Xms)
#   Decrease number of Java threads
#   Decrease Java thread stack sizes (-Xss)
#   Set larger code cache with -XX:ReservedCodeCacheSize=
# This output file may be truncated or incomplete.
#
#  Out of Memory Error (allocation.cpp:273), pid=4588, tid=5980
#
# JRE version: Java(TM) SE Runtime Environment (8.0_60-b27) (build 1.8.0_60-b27)
# Java VM: Java HotSpot(TM) 64-Bit Server VM (25.60-b23 mixed mode windows-amd64 compressed oops)
# Failed to write core dump. Minidumps are not enabled by default on client versions of Windows
#

---------------  T H R E A D  ---------------

Current thread (0x000000001493b800):  JavaThread "C2 CompilerThread0" daemon [_thread_in_native, id=5980, stack(0x0000000015f80000,0x0000000016080000)]

Stack: [0x0000000015f80000,0x0000000016080000]
[error occurred during error reporting (printing stack bounds), id 0xc0000005]

Native frames: (J=compiled Java code, j=interpreted, Vv=VM code, C=native code)


Current CompileTask:
C2:    654  620       4       com.android.dx.util.IntList::add (65 bytes)


---------------  P R O C E S S  ---------------

Java Threads: ( => current thread )
  0x0000000016527800 JavaThread "pool-1-thread-4" [_thread_in_vm, id=5496, stack(0x0000000016c80000,0x0000000016d80000)]
  0x0000000016506000 JavaThread "pool-1-thread-3" [_thread_in_Java, id=3564, stack(0x0000000016b80000,0x0000000016c80000)]
  0x0000000016505000 JavaThread "pool-1-thread-2" [_thread_in_Java, id=5472, stack(0x0000000016a80000,0x0000000016b80000)]
  0x0000000016502000 JavaThread "pool-2-thread-1" [_thread_blocked, id=4608, stack(0x0000000016980000,0x0000000016a80000)]
  0x00000000164ff000 JavaThread "pool-1-thread-1" [_thread_in_Java, id=3068, stack(0x0000000016880000,0x0000000016980000)]
  0x0000000016284000 JavaThread "Service Thread" daemon [_thread_blocked, id=5372, stack(0x0000000016680000,0x0000000016780000)]
  0x0000000014998800 JavaThread "C1 CompilerThread2" daemon [_thread_in_native, id=3616, stack(0x0000000016180000,0x0000000016280000)]
  0x0000000014996000 JavaThread "C2 CompilerThread1" daemon [_thread_in_native, id=2940, stack(0x0000000016080000,0x0000000016180000)]
=>0x000000001493b800 JavaThread "C2 CompilerThread0" daemon [_thread_in_native, id=5980, stack(0x0000000015f80000,0x0000000016080000)]
  0x000000001493a000 JavaThread "Attach Listener" daemon [_thread_blocked, id=6512, stack(0x0000000015e80000,0x0000000015f80000)]
  0x0000000014938800 JavaThread "Signal Dispatcher" daemon [_thread_blocked, id=2544, stack(0x0000000015d80000,0x0000000015e80000)]
  0x0000000002260800 JavaThread "Finalizer" daemon [_thread_blocked, id=6172, stack(0x0000000015ba0000,0x0000000015ca0000)]
  0x000000000225d000 JavaThread "Reference Handler" daemon [_thread_blocked, id=6380, stack(0x0000000015aa0000,0x0000000015ba0000)]
  0x0000000001f6d800 JavaThread "main" [_thread_in_Java, id=988, stack(0x0000000001f70000,0x0000000002070000)]

Other Threads:
  0x0000000014907800 VMThread [stack: 0x00000000159a0000,0x0000000015aa0000] [id=3824]
  0x00000000162a1000 WatcherThread [stack: 0x0000000016780000,0x0000000016880000] [id=6544]

VM state:not at safepoint (normal execution)

VM Mutex/Monitor currently owned by a thread: None

Heap:
 PSYoungGen      total 38400K, used 18912K [0x00000000eab00000, 0x00000000ed580000, 0x0000000100000000)
  eden space 33280K, 56% used [0x00000000eab00000,0x00000000ebd78190,0x00000000ecb80000)
  from space 5120K, 0% used [0x00000000ed080000,0x00000000ed080000,0x00000000ed580000)
  to   space 5120K, 0% used [0x00000000ecb80000,0x00000000ecb80000,0x00000000ed080000)
 ParOldGen       total 87552K, used 0K [0x00000000c0000000, 0x00000000c5580000, 0x00000000eab00000)
  object space 87552K, 0% used [0x00000000c0000000,0x00000000c0000000,0x00000000c5580000)
 Metaspace       used 5580K, capacity 6512K, committed 6784K, reserved 1056768K
  class space    used 599K, capacity 616K, committed 640K, reserved 1048576K

Card table byte_map: [0x0000000011630000,0x0000000011840000] byte_map_base: 0x0000000011030000

Marking Bits: (ParMarkBitMap*) 0x000000006ab5a5b0
 Begin Bits: [0x0000000011da0000, 0x0000000012da0000)
 End Bits:   [0x0000000012da0000, 0x0000000013da0000)

Polling page: 0x0000000000590000

CodeCache: size=245760Kb used=2280Kb max_used=2292Kb free=243479Kb
 bounds [0x0000000002270000, 0x00000000024e0000, 0x0000000011270000]
 total_blobs=868 nmethods=599 adapters=182
 compilation: enabled

Compilation events (10 events):
Event: 0.643 Thread 0x000000001493b800 nmethod 610 0x00000000024ad8d0 code [0x00000000024ada00, 0x00000000024adab8]
Event: 0.643 Thread 0x000000001493b800  603       4       com.android.dx.util.Bits::set (19 bytes)
Event: 0.644 Thread 0x000000001493b800 nmethod 603 0x00000000024adb10 code [0x00000000024adc40, 0x00000000024adcd8]
Event: 0.647 Thread 0x0000000014996000 nmethod 601 0x00000000024abd90 code [0x00000000024abee0, 0x00000000024ac158]
Event: 0.647 Thread 0x000000001493b800  616       4       java.util.BitSet::get (69 bytes)
Event: 0.648 Thread 0x000000001493b800 nmethod 616 0x00000000024abad0 code [0x00000000024abc00, 0x00000000024abcd8]
Event: 0.649 Thread 0x0000000014996000  618       4       com.android.dx.ssa.NormalSsaInsn::accept (25 bytes)
Event: 0.649 Thread 0x000000001493b800  620       4       com.android.dx.util.IntList::add (65 bytes)
Event: 0.650 Thread 0x0000000014996000 nmethod 618 0x00000000024ab6d0 code [0x00000000024ab820, 0x00000000024ab928]
Event: 0.650 Thread 0x0000000014996000  621       4       com.android.dx.util.IntList::growIfNeeded (46 bytes)

GC Heap History (0 events):
No events

Deoptimization events (1 events):
Event: 0.320 Thread 0x0000000001f6d800 Uncommon trap: reason=unstable_if action=reinterpret pc=0x00000000023c3b54 method=java.lang.String.compareTo(Ljava/lang/String;)I @ 38

Internal exceptions (2 events):
Event: 0.055 Thread 0x0000000001f6d800 Exception <a 'java/lang/NoSuchMethodError': Method sun.misc.Unsafe.defineClass(Ljava/lang/String;[BII)Ljava/lang/Class; name or signature does not match> (0x00000000eab0d518) thrown at [C:\re\workspace\8-2-build-windows-amd64-cygwin\jdk8u60\4407\hotspot\sr¾ZVagñ«?
Event: 0.055 Thread 0x0000000001f6d800 Exception <a 'java/lang/NoSuchMethodError': Method sun.misc.Unsafe.prefetchRead(Ljava/lang/Object;J)V name or signature does not match> (0x00000000eab0d800) thrown at [C:\re\workspace\8-2-build-windows-amd64-cygwin\jdk8u60\4407\hotspot\src\share\vm\prims\j

Events (10 events):
Event: 0.601 loading class java/util/TreeMap$EntryIterator
Event: 0.601 loading class java/util/TreeMap$EntryIterator done
Event: 0.612 loading class com/android/dx/cf/code/Ropper$ExceptionHandlerSetup
Event: 0.612 loading class com/android/dx/cf/code/Ropper$ExceptionHandlerSetup done
Event: 0.614 loading class java/util/HashMap$Values
Event: 0.614 loading class java/util/HashMap$Values done
Event: 0.614 loading class java/util/HashMap$ValueIterator
Event: 0.614 loading class java/util/HashMap$ValueIterator done
Event: 0.645 loading class com/android/dx/cf/code/BytecodeArray$ConstantParserVisitor
Event: 0.645 loading class com/android/dx/cf/code/BytecodeArray$ConstantParserVisitor done


Dynamic libraries:
0x00007ff767f00000 - 0x00007ff767f37000 	C:\Program Files\Java\jdk1.8.0_60\bin\java.exe
0x00007fff871a0000 - 0x00007fff87362000 	C:\Windows\SYSTEM32\ntdll.dll
0x00007fff86cb0000 - 0x00007fff86d5d000 	C:\Windows\system32\KERNEL32.DLL
0x00007fff83fc0000 - 0x00007fff8419d000 	C:\Windows\system32\KERNELBASE.dll
0x00007fff870d0000 - 0x00007fff87176000 	C:\Windows\system32\ADVAPI32.dll
0x00007fff84ef0000 - 0x00007fff84f8d000 	C:\Windows\system32\msvcrt.dll
0x00007fff86b20000 - 0x00007fff86b7b000 	C:\Windows\system32\sechost.dll
0x00007fff86b80000 - 0x00007fff86ca6000 	C:\Windows\system32\RPCRT4.dll
0x00007fff84990000 - 0x00007fff84ade000 	C:\Windows\system32\USER32.dll
0x00007fff86d60000 - 0x00007fff86ee6000 	C:\Windows\system32\GDI32.dll
0x00007fff75e90000 - 0x00007fff76104000 	C:\Windows\WinSxS\amd64_microsoft.windows.common-controls_6595b64144ccf1df_6.0.10240.16384_none_f41f7b285750ef43\COMCTL32.dll
0x00007fff848f0000 - 0x00007fff84926000 	C:\Windows\system32\IMM32.DLL
0x00007fff851a0000 - 0x00007fff852fc000 	C:\Windows\system32\MSCTF.dll
0x0000000069ed0000 - 0x0000000069fa2000 	C:\Program Files\Java\jdk1.8.0_60\jre\bin\msvcr100.dll
0x000000006a350000 - 0x000000006abd9000 	C:\Program Files\Java\jdk1.8.0_60\jre\bin\server\jvm.dll
0x00007fff868d0000 - 0x00007fff868d8000 	C:\Windows\system32\PSAPI.DLL
0x00007fff7aeb0000 - 0x00007fff7aeb9000 	C:\Windows\SYSTEM32\WSOCK32.dll
0x00007fff868e0000 - 0x00007fff86949000 	C:\Windows\system32\WS2_32.dll
0x00007fff86950000 - 0x00007fff86958000 	C:\Windows\system32\NSI.dll
0x00007fff81ad0000 - 0x00007fff81af3000 	C:\Windows\SYSTEM32\WINMM.dll
0x00007fff7c410000 - 0x00007fff7c41a000 	C:\Windows\SYSTEM32\VERSION.dll
0x00007fff81aa0000 - 0x00007fff81acc000 	C:\Windows\SYSTEM32\WINMMBASE.dll
0x00007fff83e00000 - 0x00007fff83e44000 	C:\Windows\system32\cfgmgr32.dll
0x00007fff82500000 - 0x00007fff82527000 	C:\Windows\SYSTEM32\DEVOBJ.dll
0x000000006a340000 - 0x000000006a34f000 	C:\Program Files\Java\jdk1.8.0_60\jre\bin\verify.dll
0x000000006a310000 - 0x000000006a339000 	C:\Program Files\Java\jdk1.8.0_60\jre\bin\java.dll
0x000000006a2f0000 - 0x000000006a306000 	C:\Program Files\Java\jdk1.8.0_60\jre\bin\zip.dll
0x00007fff85360000 - 0x00007fff868c8000 	C:\Windows\system32\SHELL32.dll
0x00007fff84200000 - 0x00007fff84828000 	C:\Windows\system32\windows.storage.dll
0x00007fff84c70000 - 0x00007fff84eec000 	C:\Windows\system32\combase.dll
0x00007fff84930000 - 0x00007fff84981000 	C:\Windows\system32\shlwapi.dll
0x00007fff83c20000 - 0x00007fff83c2f000 	C:\Windows\system32\kernel.appcore.dll
0x00007fff83e50000 - 0x00007fff83f03000 	C:\Windows\system32\shcore.dll
0x00007fff83bd0000 - 0x00007fff83c1a000 	C:\Windows\system32\powrprof.dll
0x00007fff83bb0000 - 0x00007fff83bc3000 	C:\Windows\system32\profapi.dll
0x00007fff84830000 - 0x00007fff848ee000 	C:\Windows\system32\OLEAUT32.dll

VM Arguments:
jvm_args: -Djava.awt.headless=true -Xmx1024M -Dfile.encoding=windows-1252 -Duser.country=NZ -Duser.language=en -Duser.variant 
java_command: com.android.dx.command.Main --dex --num-threads=4 --output C:\Users\Mr Nobody\Documents\GitHub\IN721-AndroidPracticals\Week10\Location\app\build\intermediates\pre-dexed\debug\com.android.support-appcompat-v7-23.2.1_7b2edbc5d055aef861d26be2c011d56b8167a062.jar C:\Users\Mr Nobody\Documents\GitHub\IN721-AndroidPracticals\Week10\Location\app\build\intermediates\exploded-aar\com.android.support\appcompat-v7\23.2.1\jars\classes.jar
java_class_path (initial): C:\Android\sdk\build-tools\23.0.2\lib\dx.jar
Launcher Type: SUN_STANDARD

Environment Variables:
PATH=C:\ProgramData\Oracle\Java\javapath;C:\Program Files (x86)\Intel\iCLS Client\;C:\Program Files\Intel\iCLS Client\;C:\Windows\system32;C:\Windows;C:\Windows\System32\Wbem;C:\Windows\System32\WindowsPowerShell\v1.0\;c:\Program Files (x86)\Microsoft SQL Server\90\Tools\binn\;C:\Program Files (x86)\Skype\Phone\;C:\Program Files (x86)\Windows Kits\8.1\Windows Performance Toolkit\;C:\Program Files\Microsoft SQL Server\110\Tools\Binn\
USERNAME=Mr Nobody
OS=Windows_NT
PROCESSOR_IDENTIFIER=Intel64 Family 6 Model 61 Stepping 4, GenuineIntel



---------------  S Y S T E M  ---------------

OS: Windows 10.0 , 64 bit Build 10240 (10.0.10240.16384)

CPU:total 4 (2 cores per cpu, 2 threads per core) family 6 model 61 stepping 4, cmov, cx8, fxsr, mmx, sse, sse2, sse3, ssse3, sse4.1, sse4.2, popcnt, avx, avx2, aes, clmul, erms, 3dnowpref, lzcnt, ht, tsc, tscinvbit, bmi1, bmi2, adx

Memory: 4k page, physical 8288684k(1393560k free), swap 10307432k(4092k free)

vm_info: Java HotSpot(TM) 64-Bit Server VM (25.60-b23) for windows-amd64 JRE (1.8.0_60-b27), built on Aug  4 2015 11:06:27 by "java_re" with MS VC++ 10.0 (VS2010)

time: Tue May 10 21:00:20 2016
elapsed time: 0 seconds (0d 0h 0m 0s)

